

Started GET "/" for ::1 at 2015-04-28 18:19:46 -0700
Processing by Rails::WelcomeController#index as HTML
  Rendered /Users/Bradford/.rbenv/versions/2.2.1/lib/ruby/gems/2.2.0/gems/railties-4.2.1/lib/rails/templates/rails/welcome/index.html.erb (2.5ms)
Completed 200 OK in 41ms (Views: 28.5ms | ActiveRecord: 0.0ms)


Started GET "/" for ::1 at 2015-04-28 18:19:46 -0700
Processing by Rails::WelcomeController#index as HTML
  Rendered /Users/Bradford/.rbenv/versions/2.2.1/lib/ruby/gems/2.2.0/gems/railties-4.2.1/lib/rails/templates/rails/welcome/index.html.erb (0.0ms)
Completed 200 OK in 3ms (Views: 2.4ms | ActiveRecord: 0.0ms)


Started GET "/" for ::1 at 2015-04-28 18:28:57 -0700

ActiveRecord::PendingMigrationError (

Migrations are pending. To resolve this issue, run:

	bin/rake db:migrate RAILS_ENV=development

):
  activerecord (4.2.1) lib/active_record/migration.rb:393:in `check_pending!'
  activerecord (4.2.1) lib/active_record/migration.rb:374:in `call'
  actionpack (4.2.1) lib/action_dispatch/middleware/callbacks.rb:29:in `block in call'
  activesupport (4.2.1) lib/active_support/callbacks.rb:88:in `call'
  activesupport (4.2.1) lib/active_support/callbacks.rb:88:in `_run_callbacks'
  activesupport (4.2.1) lib/active_support/callbacks.rb:776:in `_run_call_callbacks'
  activesupport (4.2.1) lib/active_support/callbacks.rb:81:in `run_callbacks'
  actionpack (4.2.1) lib/action_dispatch/middleware/callbacks.rb:27:in `call'
  actionpack (4.2.1) lib/action_dispatch/middleware/reloader.rb:73:in `call'
  actionpack (4.2.1) lib/action_dispatch/middleware/remote_ip.rb:78:in `call'
  actionpack (4.2.1) lib/action_dispatch/middleware/debug_exceptions.rb:17:in `call'
  web-console (2.1.2) lib/web_console/middleware.rb:37:in `call'
  actionpack (4.2.1) lib/action_dispatch/middleware/show_exceptions.rb:30:in `call'
  railties (4.2.1) lib/rails/rack/logger.rb:38:in `call_app'
  railties (4.2.1) lib/rails/rack/logger.rb:20:in `block in call'
  activesupport (4.2.1) lib/active_support/tagged_logging.rb:68:in `block in tagged'
  activesupport (4.2.1) lib/active_support/tagged_logging.rb:26:in `tagged'
  activesupport (4.2.1) lib/active_support/tagged_logging.rb:68:in `tagged'
  railties (4.2.1) lib/rails/rack/logger.rb:20:in `call'
  actionpack (4.2.1) lib/action_dispatch/middleware/request_id.rb:21:in `call'
  rack (1.6.0) lib/rack/methodoverride.rb:22:in `call'
  rack (1.6.0) lib/rack/runtime.rb:18:in `call'
  activesupport (4.2.1) lib/active_support/cache/strategy/local_cache_middleware.rb:28:in `call'
  rack (1.6.0) lib/rack/lock.rb:17:in `call'
  actionpack (4.2.1) lib/action_dispatch/middleware/static.rb:113:in `call'
  rack (1.6.0) lib/rack/sendfile.rb:113:in `call'
  railties (4.2.1) lib/rails/engine.rb:518:in `call'
  railties (4.2.1) lib/rails/application.rb:164:in `call'
  rack (1.6.0) lib/rack/lock.rb:17:in `call'
  rack (1.6.0) lib/rack/content_length.rb:15:in `call'
  rack (1.6.0) lib/rack/handler/webrick.rb:89:in `service'
  /Users/Bradford/.rbenv/versions/2.2.1/lib/ruby/2.2.0/webrick/httpserver.rb:138:in `service'
  /Users/Bradford/.rbenv/versions/2.2.1/lib/ruby/2.2.0/webrick/httpserver.rb:94:in `run'
  /Users/Bradford/.rbenv/versions/2.2.1/lib/ruby/2.2.0/webrick/server.rb:294:in `block in start_thread'


  Rendered /Users/Bradford/.rbenv/versions/2.2.1/lib/ruby/gems/2.2.0/gems/actionpack-4.2.1/lib/action_dispatch/middleware/templates/rescues/_source.erb (3.0ms)
  Rendered /Users/Bradford/.rbenv/versions/2.2.1/lib/ruby/gems/2.2.0/gems/actionpack-4.2.1/lib/action_dispatch/middleware/templates/rescues/_trace.html.erb (1.5ms)
  Rendered /Users/Bradford/.rbenv/versions/2.2.1/lib/ruby/gems/2.2.0/gems/actionpack-4.2.1/lib/action_dispatch/middleware/templates/rescues/_request_and_response.html.erb (0.9ms)
  Rendered /Users/Bradford/.rbenv/versions/2.2.1/lib/ruby/gems/2.2.0/gems/actionpack-4.2.1/lib/action_dispatch/middleware/templates/rescues/diagnostics.html.erb within rescues/layout (64.2ms)
  Rendered /Users/Bradford/.rbenv/versions/2.2.1/lib/ruby/gems/2.2.0/gems/web-console-2.1.2/lib/web_console/templates/_markup.html.erb (0.4ms)
  Rendered /Users/Bradford/.rbenv/versions/2.2.1/lib/ruby/gems/2.2.0/gems/web-console-2.1.2/lib/web_console/templates/style.css.erb within layouts/inlined_string (0.3ms)
  Rendered /Users/Bradford/.rbenv/versions/2.2.1/lib/ruby/gems/2.2.0/gems/web-console-2.1.2/lib/web_console/templates/_inner_console_markup.html.erb within layouts/inlined_string (0.3ms)
  Rendered /Users/Bradford/.rbenv/versions/2.2.1/lib/ruby/gems/2.2.0/gems/web-console-2.1.2/lib/web_console/templates/_prompt_box_markup.html.erb within layouts/inlined_string (0.3ms)
  Rendered /Users/Bradford/.rbenv/versions/2.2.1/lib/ruby/gems/2.2.0/gems/web-console-2.1.2/lib/web_console/templates/console.js.erb within layouts/javascript (57.1ms)
  Rendered /Users/Bradford/.rbenv/versions/2.2.1/lib/ruby/gems/2.2.0/gems/web-console-2.1.2/lib/web_console/templates/main.js.erb within layouts/javascript (0.3ms)
  Rendered /Users/Bradford/.rbenv/versions/2.2.1/lib/ruby/gems/2.2.0/gems/web-console-2.1.2/lib/web_console/templates/error_page.js.erb within layouts/javascript (0.4ms)
  Rendered /Users/Bradford/.rbenv/versions/2.2.1/lib/ruby/gems/2.2.0/gems/web-console-2.1.2/lib/web_console/templates/index.html.erb (132.3ms)
  [1m[36m (5.7ms)[0m  [1mCREATE TABLE "schema_migrations" ("version" varchar NOT NULL) [0m
  [1m[35m (0.5ms)[0m  select sqlite_version(*)
  [1m[36m (11.8ms)[0m  [1mCREATE UNIQUE INDEX "unique_schema_migrations" ON "schema_migrations" ("version")[0m
  [1m[35mActiveRecord::SchemaMigration Load (0.1ms)[0m  SELECT "schema_migrations".* FROM "schema_migrations"
Migrating to CreateUsers (20150429012208)
  [1m[36m (0.1ms)[0m  [1mbegin transaction[0m
  [1m[35m (0.4ms)[0m  CREATE TABLE "users" ("id" INTEGER PRIMARY KEY AUTOINCREMENT NOT NULL, "email" varchar, "password_digest" varchar, "name" varchar, "created_at" datetime NOT NULL, "updated_at" datetime NOT NULL) 
  [1m[36mSQL (0.1ms)[0m  [1mINSERT INTO "schema_migrations" ("version") VALUES (?)[0m  [["version", "20150429012208"]]
  [1m[35m (0.7ms)[0m  commit transaction
Migrating to CreatePosts (20150429012254)
  [1m[36m (0.0ms)[0m  [1mbegin transaction[0m
  [1m[35m (0.3ms)[0m  CREATE TABLE "posts" ("id" INTEGER PRIMARY KEY AUTOINCREMENT NOT NULL, "title" varchar, "link" varchar, "user_id" integer, "created_at" datetime NOT NULL, "updated_at" datetime NOT NULL) 
  [1m[36mSQL (0.1ms)[0m  [1mINSERT INTO "schema_migrations" ("version") VALUES (?)[0m  [["version", "20150429012254"]]
  [1m[35m (0.7ms)[0m  commit transaction
  [1m[36mActiveRecord::SchemaMigration Load (0.1ms)[0m  [1mSELECT "schema_migrations".* FROM "schema_migrations"[0m
  [1m[36m (0.1ms)[0m  [1mbegin transaction[0m
  [1m[35mUser Exists (0.2ms)[0m  SELECT  1 AS one FROM "users" WHERE LOWER("users"."email") = LOWER('test@test.com') LIMIT 1
  [1m[36mSQL (0.4ms)[0m  [1mINSERT INTO "users" ("name", "password_digest", "email", "created_at", "updated_at") VALUES (?, ?, ?, ?, ?)[0m  [["name", "Test"], ["password_digest", "$2a$10$BLRL0XM5OGbnQUU24mxLQeep3pSkAKQn00vImnzIInE9WA8jf10De"], ["email", "test@test.com"], ["created_at", "2015-04-29 01:38:31.084332"], ["updated_at", "2015-04-29 01:38:31.084332"]]
  [1m[35m (0.7ms)[0m  commit transaction
  [1m[36m (0.1ms)[0m  [1mbegin transaction[0m
  [1m[35mUser Exists (0.1ms)[0m  SELECT  1 AS one FROM "users" WHERE LOWER("users"."email") = LOWER('john@gmail.com') LIMIT 1
  [1m[36mSQL (0.2ms)[0m  [1mINSERT INTO "users" ("name", "password_digest", "email", "created_at", "updated_at") VALUES (?, ?, ?, ?, ?)[0m  [["name", "John"], ["password_digest", "$2a$10$lEWOfZO9HGWsn5MRlqCR7OmaKRIFeBP0VfwMbe7HcVHg./Yk7ktPO"], ["email", "john@gmail.com"], ["created_at", "2015-04-29 01:40:01.667864"], ["updated_at", "2015-04-29 01:40:01.667864"]]
  [1m[35m (8.8ms)[0m  commit transaction


Started GET "/" for ::1 at 2015-04-28 18:44:21 -0700
  [1m[36mActiveRecord::SchemaMigration Load (0.1ms)[0m  [1mSELECT "schema_migrations".* FROM "schema_migrations"[0m
Processing by Rails::WelcomeController#index as HTML
  Rendered /Users/Bradford/.rbenv/versions/2.2.1/lib/ruby/gems/2.2.0/gems/railties-4.2.1/lib/rails/templates/rails/welcome/index.html.erb (0.1ms)
Completed 200 OK in 11ms (Views: 10.5ms | ActiveRecord: 0.0ms)
